Arguments: 
  /usr/local/bin/node /usr/local/bin/yarn publish

PATH: 
  /usr/local/sbin:/usr/local/bin:/usr/sbin:/usr/bin:/sbin:/bin:/usr/games:/usr/local/games:/snap/bin:/home/shiina_aiiko/go/bin:/home/shiina_aiiko/Package/phantomjs-2.1.1-linux-x86_64/bin

Yarn version: 
  1.22.19

Node version: 
  18.17.0

Platform: 
  linux x64

Trace: 
  Error: canceled
      at Interface.<anonymous> (/usr/local/lib/node_modules/yarn/lib/cli.js:137150:13)
      at Interface.emit (node:events:514:28)
      at [_ttyWrite] [as _ttyWrite] (node:internal/readline/interface:1131:18)
      at ReadStream.onkeypress (node:internal/readline/interface:270:20)
      at ReadStream.emit (node:events:514:28)
      at emitKeys (node:internal/readline/utils:357:14)
      at emitKeys.next (<anonymous>)
      at ReadStream.onData (node:internal/readline/emitKeypressEvents:64:36)
      at ReadStream.emit (node:events:514:28)
      at addChunk (node:internal/streams/readable:324:12)

npm manifest: 
  {
  	"name": "nyanyajs-log",
  	"version": "1.0.11",
  	"description": "A custom personalized log library, JavaScript version.",
  	"main": "./dist/index.js",
  	"scripts": {
  		"build": "tsc",
  		"pub": "npm publish --registry https://registry.npm.aiiko.club"
  	},
  	"repository": {
  		"type": "git",
  		"url": "git+https://github.com/MetahorizonLab/nyanyajs-log.git"
  	},
  	"author": "shiina_aiiko",
  	"license": "LGPL-2.1-only",
  	"bugs": {
  		"url": "https://github.com/MetahorizonLab/nyanyajs-log/issues"
  	},
  	"homepage": "https://github.com/MetahorizonLab/nyanyajs-log#readme",
  	"dependencies": {
  		"moment": "^2.29.1"
  	},
  	"devDependencies": {
  		"typescript": "4.1.2"
  	}
  }

yarn manifest: 
  No manifest

Lockfile: 
  # THIS IS AN AUTOGENERATED FILE. DO NOT EDIT THIS FILE DIRECTLY.
  # yarn lockfile v1
  
  
  moment@^2.29.1:
    version "2.29.4"
    resolved "https://registry.npmmirror.com/moment/-/moment-2.29.4.tgz#3dbe052889fe7c1b2ed966fcb3a77328964ef108"
    integrity sha512-5LC9SOxjSc2HF6vO2CyuTDNivEdoz2IvyJJGj6X8DJ0eFyfszE0QiEd+iXmBvUP3WHxSjFH/vIsA0EN00cgr8w==
  
  typescript@4.1.2:
    version "4.1.2"
    resolved "https://registry.npmmirror.com/typescript/-/typescript-4.1.2.tgz#6369ef22516fe5e10304aae5a5c4862db55380e9"
    integrity sha512-thGloWsGH3SOxv1SoY7QojKi0tc+8FnOmiarEGMbd/lar7QOEd3hvlx3Fp5y6FlDUGl9L+pd4n2e+oToGMmhRQ==
